system   I            xsystem.c:95   xglx_initialize                  [   0.00000] XGLX driver connected to X11 (The X.Org Foundation 12101003).
system   I            xsystem.c:97   xglx_initialize                  [   0.00000] X11 protocol version 11.0.
system   I            xsystem.c:111  xglx_initialize                  [   0.00000] events thread spawned.
system   I             system.c:271  al_install_system                [   0.00000] Allegro version: 5.2.9 (GIT)
display  I           xdisplay.c:96   query_glx_version                [   0.00093] GLX 1.4.
xrandr   I             xrandr.c:799  _al_xsys_xrandr_init             [   0.00114] XRandR version: 1.6
xrandr   I             xrandr.c:813  _al_xsys_xrandr_init             [   0.00725] XRandR is active
xglx_config I        xglx_config.c:235  get_visuals_new                  [   0.12057] 1176 formats.
xglx_config I        xglx_config.c:258  get_visuals_new                  [   0.22927] 400 visuals are good enough.
xglx_config I        xglx_config.c:419  select_best_visual               [   0.22936] Chose visual no. 218
xglx_config I        xglx_config.c:434  select_best_visual               [   0.22937] Corresponding X11 visual id: 1296
display  I           xdisplay.c:365  xdpy_create_display_locked       [   0.22943] Selected X11 visual 1296.
opengl   I         extensions.c:695  fill_in_info_struct              [   0.27742] Assumed OpenGL version: 4.6.0.0
opengl   I         extensions.c:759  _al_ogl_manage_extensions        [   0.27746] glXGetProcAddress Extension: supported
opengl   I         extensions.c:843  _al_ogl_manage_extensions        [   0.28160] Packed Pixels formats available
opengl   I         extensions.c:890  _al_ogl_manage_extensions        [   0.28164] Use of non-power-of-two textures enabled.
opengl   I         extensions.c:906  _al_ogl_manage_extensions        [   0.28165] Use of FBO to draw to textures enabled.
display  I           xdisplay.c:488  xdpy_create_display_locked       [   0.28168] OpenGL Version: 4.6 (Compatibility Profile) Mesa 22.2.5
display  I           xdisplay.c:489  xdpy_create_display_locked       [   0.28169] Vendor: Intel
display  I           xdisplay.c:490  xdpy_create_display_locked       [   0.28170] Renderer: Mesa Intel(R) UHD Graphics 600 (GLK 2)
display  I        ogl_display.c:222  _al_ogl_create_backbuffer        [   0.28171] Deduced format ARGB_8888 for backbuffer.
display  I        ogl_display.c:250  _al_ogl_create_backbuffer        [   0.28173] Created backbuffer bitmap (actual format: ARGB_8888)
keyboard I          xkeyboard.c:741  x_keyboard_init                  [   0.28426] Using X Input Method.
keyboard I          xkeyboard.c:796  x_keyboard_init                  [   0.31448] Input method style = 1032
keyboard I          xkeyboard.c:810  x_keyboard_init                  [   0.31453] XCreateIC succeeded.
keyboard I          xkeyboard.c:565  _al_xwin_get_keyboard_mapping    [   0.31472] 248 keys, 7 symbols per key.
system   I            xsystem.c:135  xglx_shutdown_system             [  28.52257] shutting down.
